Build started 27.07.2015 15:13:37.
     1>Project "E:\Users\MicrowaveStd\Documents\Visual Studio 2013\Projects\km\kbdfnflt2\kbdfnflt2\kbdfnflt2.vcxproj" on node 2 (Rebuild target(s)).
     1>StampInf:
         E:\Program Files (x86)\Windows Kits\8.1\bin\x86\stampinf.exe -d "*" -a "amd64" -v "*" -k "1.11" -u "1.11.0" -f x64\Win7Release\includetest.inf 
         Stamping x64\Win7Release\includetest.inf [Version] section with DriverVer=07/27/2015,15.13.37.783
       ClCompile:
         E:\Program Files (x86)\Microsoft Visual Studio 12.0\VC\bin\x86_amd64\CL.exe /c /Ix64\Win7Release\ /nologo /W4 /WX /O1 /Ob0 /Os /Oy /GL /D CODE_ANALYSIS /D _WIN64 /D _AMD64_ /D AMD64 /D _WIN32_WINNT=0x0601 /D WINVER=0x0601 /D WINNT=1 /D NTDDI_VERSION=0x06010000 /D _UNICODE /D UNICODE /GF /Gm- /Zp8 /GS- /Gy /fp:fast /fp:except- /Zc:wchar_t- /Zc:forScope- /GR- /Fo"x64\Win7Release\\" /Fd"x64\Win7Release\vc120.pdb" /Gz /TC /wd4603 /wd4627 /wd4986 /wd4987 /wd4996 /FI"E:\Program Files (x86)\Windows Kits\8.1\Include\Shared\warning.h" /analyze /analyze:stacksize1024 /analyze:plugin"E:\Program Files (x86)\Microsoft Visual Studio 12.0\VC\\bin\localespc.dll" /analyze:plugin"E:\Program Files (x86)\Windows Kits\8.1\bin\x86\WindowsPrefast.dll" /analyze:plugin"E:\Program Files (x86)\Windows Kits\8.1\bin\x86\drivers.dll" /Zl /errorReport:prompt /kernel -cbstring -d2epilogunwind /d1import_no_registry /d2AllowCompatibleILVersions /d2Zi+   /analyze:quiet dispatch.c main.c
         dispatch.c
         main.c
         Running Code Analysis for C/C++...
       Link:
         E:\Program Files (x86)\Microsoft Visual Studio 12.0\VC\bin\x86_amd64\link.exe /ERRORREPORT:PROMPT /OUT:"E:\Users\MicrowaveStd\Documents\Visual Studio 2013\Projects\km\kbdfnflt2\x64\Win7Release\kbdfnflt2.sys" /VERSION:"6.3" /INCREMENTAL:NO /NOLOGO /WX /SECTION:"INIT,d" ntoskrnl.lib /NODEFAULTLIB /MANIFEST:NO /PDB:"E:\Users\MicrowaveStd\Documents\Visual Studio 2013\Projects\km\kbdfnflt2\x64\Win7Release\kbdfnflt2.pdb" /SUBSYSTEM:NATIVE,"6.01" /Driver /OPT:REF /OPT:ICF /LTCG /ENTRY:"mydrvEntry" /RELEASE /IMPLIB:"E:\Users\MicrowaveStd\Documents\Visual Studio 2013\Projects\km\kbdfnflt2\x64\Win7Release\kbdfnflt2.lib" /MERGE:"_TEXT=.text;_PAGE=PAGE" /MACHINE:X64 /PROFILE /SAFESEH:NO /kernel /IGNORE:4198,4010,4037,4039,4065,4070,4078,4087,4089,4221,4108,4088,4218,4218,4235 /osversion:6.3 /pdbcompress /debugtype:pdata x64\Win7Release\dispatch.obj
         x64\Win7Release\main.obj
         Generating code
         Finished generating code
         kbdfnflt2.vcxproj -> E:\Users\MicrowaveStd\Documents\Visual Studio 2013\Projects\km\kbdfnflt2\x64\Win7Release\kbdfnflt2.sys
       DriverTestSign:
         E:\Program Files (x86)\Windows Kits\8.1\bin\x86\signtool.exe sign /ph /sha1 "52B5A1685E440EA28E4769AA258697D5B746FA1A" 
         Done Adding Additional Store
         Successfully signed: E:\Users\MicrowaveStd\Documents\Visual Studio 2013\Projects\km\kbdfnflt2\x64\Win7Release\kbdfnflt2.sys
         
     1>e:\users\microwavestd\documents\visual studio 2013\projects\km\kbdfnflt2\kbdfnflt2\main.c(261): warning C6102: Using 'maxTargetNameLength' from failed function call at line '254'.
     1>e:\users\microwavestd\documents\visual studio 2013\projects\km\kbdfnflt2\kbdfnflt2\main.c(437): warning C6102: Using '*pKbdFnFltDevice' from failed function call at line '431'.
     1>Done Building Project "E:\Users\MicrowaveStd\Documents\Visual Studio 2013\Projects\km\kbdfnflt2\kbdfnflt2\kbdfnflt2.vcxproj" (Rebuild target(s)).

Build succeeded.

Time Elapsed 00:00:15.47
